2005-11-01 06:29:00,390 0      [      Worker-25] WARN  .hibernate.cfg.SettingsFactory  - Could not obtain connection metadata
com.mysql.jdbc.exceptions.jdbc4.MySQLNonTransientConnectionException: Cannot load connection class because of underlying exception: 'java.lang.NumberFormatException: For input string: "3306>]"'.
	at sun.reflect.NativeConstructorAccessorImpl.newInstance0(Native Method)
	at sun.reflect.NativeConstructorAccessorImpl.newInstance(NativeConstructorAccessorImpl.java:39)
	at sun.reflect.DelegatingConstructorAccessorImpl.newInstance(DelegatingConstructorAccessorImpl.java:27)
	at java.lang.reflect.Constructor.newInstance(Constructor.java:513)
	at com.mysql.jdbc.Util.handleNewInstance(Util.java:409)
	at com.mysql.jdbc.Util.getInstance(Util.java:384)
	at com.mysql.jdbc.SQLError.createSQLException(SQLError.java:1015)
	at com.mysql.jdbc.SQLError.createSQLException(SQLError.java:989)
	at com.mysql.jdbc.SQLError.createSQLException(SQLError.java:984)
	at com.mysql.jdbc.SQLError.createSQLException(SQLError.java:929)
	at com.mysql.jdbc.NonRegisteringDriver.connect(NonRegisteringDriver.java:294)
	at org.hibernate.console.FakeDelegatingDriver.connect(FakeDelegatingDriver.java:40)
	at java.sql.DriverManager.getConnection(DriverManager.java:582)
	at java.sql.DriverManager.getConnection(DriverManager.java:154)
	at org.hibernate.connection.DriverManagerConnectionProvider.getConnection(DriverManagerConnectionProvider.java:110)
	at org.hibernate.cfg.SettingsFactory.buildSettings(SettingsFactory.java:84)
	at org.hibernate.cfg.Configuration.buildSettings(Configuration.java:2005)
	at com.genuitec.eclipse.hibernate.wizards.MEJDBCMetaDataConfiguration.readFromJDBC(MEJDBCMetaDataConfiguration.java:72)
	at com.genuitec.eclipse.hibernate.wizards.GenerateArtifactsJob$7.execute(GenerateArtifactsJob.java:891)
	at org.hibernate.console.execution.DefaultExecutionContext.execute(DefaultExecutionContext.java:64)
	at org.hibernate.console.ConsoleConfiguration.execute(ConsoleConfiguration.java:95)
	at com.genuitec.eclipse.hibernate.wizards.GenerateArtifactsJob.buildConfiguration(GenerateArtifactsJob.java:872)
	at com.genuitec.eclipse.hibernate.wizards.GenerateArtifactsJob.run(GenerateArtifactsJob.java:412)
	at org.eclipse.core.internal.jobs.Worker.run(Worker.java:55)
Caused by: java.lang.NumberFormatException: For input string: "3306>]"
	at java.lang.NumberFormatException.forInputString(NumberFormatException.java:48)
	at java.lang.Integer.parseInt(Integer.java:456)
	at java.lang.Integer.parseInt(Integer.java:497)
	at com.mysql.jdbc.NonRegisteringDriver.port(NonRegisteringDriver.java:776)
	at com.mysql.jdbc.NonRegisteringDriver.connect(NonRegisteringDriver.java:285)
	... 13 more
2005-11-01 06:30:15,671 75281  [      Worker-19] WARN  .hibernate.cfg.SettingsFactory  - Could not obtain connection metadata
com.mysql.jdbc.exceptions.jdbc4.MySQLNonTransientConnectionException: Cannot load connection class because of underlying exception: 'java.lang.NumberFormatException: For input string: "3306>]"'.
	at sun.reflect.NativeConstructorAccessorImpl.newInstance0(Native Method)
	at sun.reflect.NativeConstructorAccessorImpl.newInstance(NativeConstructorAccessorImpl.java:39)
	at sun.reflect.DelegatingConstructorAccessorImpl.newInstance(DelegatingConstructorAccessorImpl.java:27)
	at java.lang.reflect.Constructor.newInstance(Constructor.java:513)
	at com.mysql.jdbc.Util.handleNewInstance(Util.java:409)
	at com.mysql.jdbc.Util.getInstance(Util.java:384)
	at com.mysql.jdbc.SQLError.createSQLException(SQLError.java:1015)
	at com.mysql.jdbc.SQLError.createSQLException(SQLError.java:989)
	at com.mysql.jdbc.SQLError.createSQLException(SQLError.java:984)
	at com.mysql.jdbc.SQLError.createSQLException(SQLError.java:929)
	at com.mysql.jdbc.NonRegisteringDriver.connect(NonRegisteringDriver.java:294)
	at org.hibernate.console.FakeDelegatingDriver.connect(FakeDelegatingDriver.java:40)
	at java.sql.DriverManager.getConnection(DriverManager.java:582)
	at java.sql.DriverManager.getConnection(DriverManager.java:154)
	at org.hibernate.connection.DriverManagerConnectionProvider.getConnection(DriverManagerConnectionProvider.java:110)
	at org.hibernate.cfg.SettingsFactory.buildSettings(SettingsFactory.java:84)
	at org.hibernate.cfg.Configuration.buildSettings(Configuration.java:2005)
	at com.genuitec.eclipse.hibernate.wizards.MEJDBCMetaDataConfiguration.readFromJDBC(MEJDBCMetaDataConfiguration.java:72)
	at com.genuitec.eclipse.hibernate.wizards.GenerateArtifactsJob$7.execute(GenerateArtifactsJob.java:891)
	at org.hibernate.console.execution.DefaultExecutionContext.execute(DefaultExecutionContext.java:64)
	at org.hibernate.console.ConsoleConfiguration.execute(ConsoleConfiguration.java:95)
	at com.genuitec.eclipse.hibernate.wizards.GenerateArtifactsJob.buildConfiguration(GenerateArtifactsJob.java:872)
	at com.genuitec.eclipse.hibernate.wizards.GenerateArtifactsJob.run(GenerateArtifactsJob.java:412)
	at org.eclipse.core.internal.jobs.Worker.run(Worker.java:55)
Caused by: java.lang.NumberFormatException: For input string: "3306>]"
	at java.lang.NumberFormatException.forInputString(NumberFormatException.java:48)
	at java.lang.Integer.parseInt(Integer.java:456)
	at java.lang.Integer.parseInt(Integer.java:497)
	at com.mysql.jdbc.NonRegisteringDriver.port(NonRegisteringDriver.java:776)
	at com.mysql.jdbc.NonRegisteringDriver.connect(NonRegisteringDriver.java:285)
	... 13 more
2005-11-01 06:31:23,953 143563 [      Worker-32] WARN  .hibernate.cfg.SettingsFactory  - Could not obtain connection metadata
com.mysql.jdbc.exceptions.jdbc4.MySQLNonTransientConnectionException: Cannot load connection class because of underlying exception: 'java.lang.NumberFormatException: For input string: "3306>]"'.
	at sun.reflect.NativeConstructorAccessorImpl.newInstance0(Native Method)
	at sun.reflect.NativeConstructorAccessorImpl.newInstance(NativeConstructorAccessorImpl.java:39)
	at sun.reflect.DelegatingConstructorAccessorImpl.newInstance(DelegatingConstructorAccessorImpl.java:27)
	at java.lang.reflect.Constructor.newInstance(Constructor.java:513)
	at com.mysql.jdbc.Util.handleNewInstance(Util.java:409)
	at com.mysql.jdbc.Util.getInstance(Util.java:384)
	at com.mysql.jdbc.SQLError.createSQLException(SQLError.java:1015)
	at com.mysql.jdbc.SQLError.createSQLException(SQLError.java:989)
	at com.mysql.jdbc.SQLError.createSQLException(SQLError.java:984)
	at com.mysql.jdbc.SQLError.createSQLException(SQLError.java:929)
	at com.mysql.jdbc.NonRegisteringDriver.connect(NonRegisteringDriver.java:294)
	at org.hibernate.console.FakeDelegatingDriver.connect(FakeDelegatingDriver.java:40)
	at java.sql.DriverManager.getConnection(DriverManager.java:582)
	at java.sql.DriverManager.getConnection(DriverManager.java:154)
	at org.hibernate.connection.DriverManagerConnectionProvider.getConnection(DriverManagerConnectionProvider.java:110)
	at org.hibernate.cfg.SettingsFactory.buildSettings(SettingsFactory.java:84)
	at org.hibernate.cfg.Configuration.buildSettings(Configuration.java:2005)
	at com.genuitec.eclipse.hibernate.wizards.MEJDBCMetaDataConfiguration.readFromJDBC(MEJDBCMetaDataConfiguration.java:72)
	at com.genuitec.eclipse.hibernate.wizards.GenerateArtifactsJob$7.execute(GenerateArtifactsJob.java:891)
	at org.hibernate.console.execution.DefaultExecutionContext.execute(DefaultExecutionContext.java:64)
	at org.hibernate.console.ConsoleConfiguration.execute(ConsoleConfiguration.java:95)
	at com.genuitec.eclipse.hibernate.wizards.GenerateArtifactsJob.buildConfiguration(GenerateArtifactsJob.java:872)
	at com.genuitec.eclipse.hibernate.wizards.GenerateArtifactsJob.run(GenerateArtifactsJob.java:412)
	at org.eclipse.core.internal.jobs.Worker.run(Worker.java:55)
Caused by: java.lang.NumberFormatException: For input string: "3306>]"
	at java.lang.NumberFormatException.forInputString(NumberFormatException.java:48)
	at java.lang.Integer.parseInt(Integer.java:456)
	at java.lang.Integer.parseInt(Integer.java:497)
	at com.mysql.jdbc.NonRegisteringDriver.port(NonRegisteringDriver.java:776)
	at com.mysql.jdbc.NonRegisteringDriver.connect(NonRegisteringDriver.java:285)
	... 13 more
