Sun Nov 14 18:11:29 CST 1999  [debug] AvalonLogSystem initialized using logfile 'D:\Workspaces\.metadata\.plugins\com.genuitec.eclipse.templates\velocity.log'
Sun Nov 14 18:11:29 CST 1999   [info] ************************************************************** 
Sun Nov 14 18:11:29 CST 1999   [info] Starting Jakarta Velocity v1.4
Sun Nov 14 18:11:29 CST 1999   [info] RuntimeInstance initializing.
Sun Nov 14 18:11:29 CST 1999   [info] Default Properties File: org\apache\velocity\runtime\defaults\velocity.properties
Sun Nov 14 18:11:29 CST 1999   [info] Trying to use logger class org.apache.velocity.runtime.log.AvalonLogSystem
Sun Nov 14 18:11:29 CST 1999   [info] Using logger class org.apache.velocity.runtime.log.AvalonLogSystem
Sun Nov 14 18:11:29 CST 1999   [info] Default ResourceManager initializing. (class org.apache.velocity.runtime.resource.ResourceManagerImpl)
Sun Nov 14 18:11:29 CST 1999   [info] Resource Loader Instantiated: com.genuitec.eclipse.templates.internal.PluginResourceLoader
Sun Nov 14 18:11:29 CST 1999   [info] ResourceCache : initialized. (class org.apache.velocity.runtime.resource.ResourceCacheImpl)
Sun Nov 14 18:11:29 CST 1999   [info] Default ResourceManager initialization complete.
Sun Nov 14 18:11:29 CST 1999   [info] Loaded System Directive: org.apache.velocity.runtime.directive.Literal
Sun Nov 14 18:11:29 CST 1999   [info] Loaded System Directive: org.apache.velocity.runtime.directive.Macro
Sun Nov 14 18:11:29 CST 1999   [info] Loaded System Directive: org.apache.velocity.runtime.directive.Parse
Sun Nov 14 18:11:29 CST 1999   [info] Loaded System Directive: org.apache.velocity.runtime.directive.Include
Sun Nov 14 18:11:29 CST 1999   [info] Loaded System Directive: org.apache.velocity.runtime.directive.Foreach
Sun Nov 14 18:11:29 CST 1999   [info] Created: 20 parsers.
Sun Nov 14 18:11:29 CST 1999   [info] Velocimacro : initialization starting.
Sun Nov 14 18:11:29 CST 1999   [info] Velocimacro : adding VMs from VM library template : VM_global_library.vm
Sun Nov 14 18:11:29 CST 1999   [info] ResourceManager : found VM_global_library.vm with loader com.genuitec.eclipse.templates.internal.PluginResourceLoader
Sun Nov 14 18:11:29 CST 1999   [info] Velocimacro :  VM library template macro registration complete.
Sun Nov 14 18:11:29 CST 1999   [info] Velocimacro : allowInline = true : VMs can be defined inline in templates
Sun Nov 14 18:11:29 CST 1999   [info] Velocimacro : allowInlineToOverride = true : VMs defined inline may replace previous VM definitions
Sun Nov 14 18:11:29 CST 1999   [info] Velocimacro : allowInlineLocal = true : VMs defined inline will be local to their defining template only.
Sun Nov 14 18:11:29 CST 1999   [info] Velocimacro : messages on  : VM system will output logging messages
Sun Nov 14 18:11:29 CST 1999   [info] Velocimacro : autoload off  : VM system will not automatically reload global library macros
Sun Nov 14 18:11:29 CST 1999   [info] Velocimacro : initialization complete.
Sun Nov 14 18:11:29 CST 1999   [info] Velocity successfully started.
Sun Nov 14 18:11:29 CST 1999   [info] ResourceManager : found templates/html/Html.vtl with loader com.genuitec.eclipse.templates.internal.PluginResourceLoader
Sun Nov 14 18:11:29 CST 1999   [info] ResourceManager : found templates/html/HTMLMetaTags.vtl with loader com.genuitec.eclipse.templates.internal.PluginResourceLoader
